2023/04/02 20:50:38 [notice] 1#1: using the "epoll" event method
2023/04/02 20:50:38 [notice] 1#1: nginx/1.23.4
2023/04/02 20:50:38 [notice] 1#1: built by gcc 10.2.1 20210110 (Debian 10.2.1-6) 
2023/04/02 20:50:38 [notice] 1#1: OS: Linux 5.10.102.1-microsoft-standard-WSL2
2023/04/02 20:50:38 [notice] 1#1: getrlimit(RLIMIT_NOFILE): 1048576:1048576
2023/04/02 20:50:38 [notice] 8#8: start worker processes
2023/04/02 20:50:38 [notice] 8#8: start worker process 9
2023/04/02 20:51:27 [notice] 1#1: using the "epoll" event method
2023/04/02 20:51:27 [notice] 1#1: nginx/1.23.4
2023/04/02 20:51:27 [notice] 1#1: built by gcc 10.2.1 20210110 (Debian 10.2.1-6) 
2023/04/02 20:51:27 [notice] 1#1: OS: Linux 5.10.102.1-microsoft-standard-WSL2
2023/04/02 20:51:27 [notice] 1#1: getrlimit(RLIMIT_NOFILE): 1048576:1048576
2023/04/02 20:51:27 [notice] 8#8: start worker processes
2023/04/02 20:51:27 [notice] 8#8: start worker process 9
2023/04/02 20:51:51 [notice] 15#15: using the "epoll" event method
2023/04/02 20:51:51 [notice] 15#15: nginx/1.23.4
2023/04/02 20:51:51 [notice] 15#15: built by gcc 10.2.1 20210110 (Debian 10.2.1-6) 
2023/04/02 20:51:51 [notice] 15#15: OS: Linux 5.10.102.1-microsoft-standard-WSL2
2023/04/02 20:51:51 [notice] 15#15: getrlimit(RLIMIT_NOFILE): 1048576:1048576
2023/04/02 20:51:51 [notice] 16#16: start worker processes
2023/04/02 20:51:51 [notice] 16#16: start worker process 17
2023/04/02 20:51:51 [notice] 16#16: start worker process 18
2023/04/02 20:51:51 [notice] 16#16: start worker process 19
2023/04/02 20:51:51 [notice] 16#16: start worker process 20
2023/04/02 20:51:51 [notice] 16#16: start worker process 21
2023/04/02 20:51:51 [notice] 16#16: start worker process 22
2023/04/02 20:51:51 [notice] 16#16: start worker process 23
2023/04/02 20:51:51 [notice] 16#16: start worker process 24
2023/04/02 20:51:56 [emerg] 26#26: bind() to 0.0.0.0:80 failed (98: Address already in use)
2023/04/02 20:51:56 [emerg] 26#26: bind() to 0.0.0.0:8001 failed (98: Address already in use)
2023/04/02 20:51:56 [notice] 26#26: try again to bind() after 500ms
2023/04/02 20:51:56 [emerg] 26#26: bind() to 0.0.0.0:80 failed (98: Address already in use)
2023/04/02 20:51:56 [emerg] 26#26: bind() to 0.0.0.0:8001 failed (98: Address already in use)
2023/04/02 20:51:56 [notice] 26#26: try again to bind() after 500ms
2023/04/02 20:51:56 [emerg] 26#26: bind() to 0.0.0.0:80 failed (98: Address already in use)
2023/04/02 20:51:56 [emerg] 26#26: bind() to 0.0.0.0:8001 failed (98: Address already in use)
2023/04/02 20:51:56 [notice] 26#26: try again to bind() after 500ms
2023/04/02 20:51:56 [emerg] 26#26: bind() to 0.0.0.0:80 failed (98: Address already in use)
2023/04/02 20:51:56 [emerg] 26#26: bind() to 0.0.0.0:8001 failed (98: Address already in use)
2023/04/02 20:51:56 [notice] 26#26: try again to bind() after 500ms
2023/04/02 20:51:56 [emerg] 26#26: bind() to 0.0.0.0:80 failed (98: Address already in use)
2023/04/02 20:51:56 [emerg] 26#26: bind() to 0.0.0.0:8001 failed (98: Address already in use)
2023/04/02 20:51:56 [notice] 26#26: try again to bind() after 500ms
2023/04/02 20:51:56 [emerg] 26#26: still could not bind()
2023/04/02 20:52:35 [notice] 27#27: signal process started
2023/04/02 20:52:35 [notice] 16#16: signal 1 (SIGHUP) received from 27, reconfiguring
2023/04/02 20:52:35 [notice] 16#16: reconfiguring
2023/04/02 20:52:35 [notice] 16#16: using the "epoll" event method
2023/04/02 20:52:35 [notice] 16#16: start worker processes
2023/04/02 20:52:35 [notice] 16#16: start worker process 28
2023/04/02 20:52:35 [notice] 16#16: start worker process 29
2023/04/02 20:52:35 [notice] 16#16: start worker process 30
2023/04/02 20:52:35 [notice] 16#16: start worker process 31
2023/04/02 20:52:35 [notice] 16#16: start worker process 32
2023/04/02 20:52:35 [notice] 16#16: start worker process 33
2023/04/02 20:52:35 [notice] 16#16: start worker process 34
2023/04/02 20:52:35 [notice] 16#16: start worker process 35
2023/04/02 20:52:35 [notice] 17#17: gracefully shutting down
2023/04/02 20:52:35 [notice] 18#18: gracefully shutting down
2023/04/02 20:52:35 [notice] 19#19: gracefully shutting down
2023/04/02 20:52:35 [notice] 20#20: gracefully shutting down
2023/04/02 20:52:35 [notice] 21#21: gracefully shutting down
2023/04/02 20:52:35 [notice] 22#22: gracefully shutting down
2023/04/02 20:52:35 [notice] 22#22: exiting
2023/04/02 20:52:35 [notice] 23#23: gracefully shutting down
2023/04/02 20:52:35 [notice] 23#23: exiting
2023/04/02 20:52:35 [notice] 24#24: gracefully shutting down
2023/04/02 20:52:35 [notice] 17#17: exiting
2023/04/02 20:52:35 [notice] 18#18: exiting
2023/04/02 20:52:35 [notice] 19#19: exiting
2023/04/02 20:52:35 [notice] 20#20: exiting
2023/04/02 20:52:35 [notice] 21#21: exiting
2023/04/02 20:52:35 [notice] 22#22: exit
2023/04/02 20:52:35 [notice] 23#23: exit
2023/04/02 20:52:35 [notice] 24#24: exiting
2023/04/02 20:52:35 [notice] 17#17: exit
2023/04/02 20:52:35 [notice] 18#18: exit
2023/04/02 20:52:35 [notice] 19#19: exit
2023/04/02 20:52:35 [notice] 20#20: exit
2023/04/02 20:52:35 [notice] 21#21: exit
2023/04/02 20:52:35 [notice] 24#24: exit
2023/04/02 20:52:35 [notice] 16#16: signal 17 (SIGCHLD) received from 23
2023/04/02 20:52:35 [notice] 16#16: worker process 23 exited with code 0
2023/04/02 20:52:35 [notice] 16#16: worker process 24 exited with code 0
2023/04/02 20:52:35 [notice] 16#16: signal 29 (SIGIO) received
2023/04/02 20:52:35 [notice] 16#16: signal 17 (SIGCHLD) received from 21
2023/04/02 20:52:35 [notice] 16#16: worker process 17 exited with code 0
2023/04/02 20:52:35 [notice] 16#16: worker process 21 exited with code 0
2023/04/02 20:52:35 [notice] 16#16: signal 29 (SIGIO) received
2023/04/02 20:52:35 [notice] 16#16: signal 17 (SIGCHLD) received from 17
2023/04/02 20:52:35 [notice] 16#16: signal 17 (SIGCHLD) received from 20
2023/04/02 20:52:35 [notice] 16#16: worker process 19 exited with code 0
2023/04/02 20:52:35 [notice] 16#16: worker process 20 exited with code 0
2023/04/02 20:52:35 [notice] 16#16: worker process 22 exited with code 0
2023/04/02 20:52:35 [notice] 16#16: signal 29 (SIGIO) received
2023/04/02 20:52:35 [notice] 16#16: signal 17 (SIGCHLD) received from 19
2023/04/02 20:52:35 [notice] 16#16: worker process 18 exited with code 0
2023/04/02 20:52:35 [notice] 16#16: signal 29 (SIGIO) received
